<?xml version="1.0" encoding="UTF-8"?>
<!-- Generated by org.testng.reporters.JUnitXMLReporter -->
<testsuite ignored="0" hostname="Sunils-MacBook-Air.local" failures="0" tests="2" name="Order Test" time="75.773" errors="0" timestamp="2023-01-30T19:10:43 EST">
  <testcase classname="com.saucedemo.qa.testsuite.OdersTestSuite" name="createOrderForBikeLight" time="29.057"/>
  <testcase classname="com.saucedemo.qa.testsuite.OrderTestSuite2" name="createOrderForBikeLight" time="27.897"/>
</testsuite> <!-- Order Test -->
