<?xml version="1.0" encoding="UTF-8"?>
<testng-results ignored="0" total="1" passed="1" failed="0" skipped="0">
  <reporter-output>
  </reporter-output>
  <suite started-at="2023-01-30T19:21:19 EST" name="Default suite" finished-at="2023-01-30T19:21:32 EST" duration-ms="13532">
    <groups>
    </groups>
    <test started-at="2023-01-30T19:21:19 EST" name="Default test" finished-at="2023-01-30T19:21:32 EST" duration-ms="13532">
      <class name="com.saucedemo.qa.testsuite.CheckStaleElementIssues">
        <test-method is-config="true" signature="createDriver()[pri:0, instance:com.saucedemo.qa.testsuite.CheckStaleElementIssues@3b6ddd1d]" started-at="2023-01-30T19:21:19 EST" name="createDriver" finished-at="2023-01-30T19:21:29 EST" duration-ms="10446" status="PASS">
          <reporter-output>
          </reporter-output>
        </test-method> <!-- createDriver -->
        <test-method signature="staleelementTest()[pri:0, instance:com.saucedemo.qa.testsuite.CheckStaleElementIssues@3b6ddd1d]" started-at="2023-01-30T19:21:29 EST" name="staleelementTest" finished-at="2023-01-30T19:21:32 EST" duration-ms="2412" status="PASS">
          <reporter-output>
          </reporter-output>
        </test-method> <!-- staleelementTest -->
        <test-method is-config="true" signature="closeDriver()[pri:0, instance:com.saucedemo.qa.testsuite.CheckStaleElementIssues@3b6ddd1d]" started-at="2023-01-30T19:21:32 EST" name="closeDriver" finished-at="2023-01-30T19:21:32 EST" duration-ms="533" status="PASS">
          <reporter-output>
          </reporter-output>
        </test-method> <!-- closeDriver -->
      </class> <!-- com.saucedemo.qa.testsuite.CheckStaleElementIssues -->
    </test> <!-- Default test -->
  </suite> <!-- Default suite -->
</testng-results>
